<?xml version="1.0" encoding="UTF-8"?>
<!-- Generated by org.testng.reporters.JUnitReportReporter -->
<testsuite hostname="hp" failures="0" tests="1" name="CoverFox_Demo_UsingTestng.CF_TC03_validateSearchResultForHealthCarePolicies" time="20.771" errors="1" timestamp="2024-01-02T02:57:03 IST" skipped="0">
  <testcase classname="CoverFox_Demo_UsingTestng.CF_TC03_validateSearchResultForHealthCarePolicies" name="validateTestPlansFromTextandBanner" time="20.771">
    <error message="Cannot invoke &quot;CoverFox_Demo_UsingTestng.CoverFox_HealthPlanResultPage.availablePlanNumberFromText()&quot; because &quot;this.resultpage&quot; is null" type="java.lang.NullPointerException">
      <![CDATA[java.lang.NullPointerException: Cannot invoke "CoverFox_Demo_UsingTestng.CoverFox_HealthPlanResultPage.availablePlanNumberFromText()" because "this.resultpage" is null
at CoverFox_Demo_UsingTestng.CF_TC03_validateSearchResultForHealthCarePolicies.validateTestPlansFromTextandBanner(CF_TC03_validateSearchResultForHealthCarePolicies.java:77)
at java.base/jdk.internal.reflect.NativeMethodAccessorImpl.invoke0(Native Method)
at java.base/jdk.internal.reflect.NativeMethodAccessorImpl.invoke(NativeMethodAccessorImpl.java:77)
at java.base/jdk.internal.reflect.DelegatingMethodAccessorImpl.invoke(DelegatingMethodAccessorImpl.java:43)
at java.base/java.lang.reflect.Method.invoke(Method.java:568)
at org.testng.internal.invokers.MethodInvocationHelper.invokeMethod(MethodInvocationHelper.java:139)
at org.testng.internal.invokers.TestInvoker.invokeMethod(TestInvoker.java:664)
at org.testng.internal.invokers.TestInvoker.invokeTestMethod(TestInvoker.java:227)
at org.testng.internal.invokers.MethodRunner.runInSequence(MethodRunner.java:50)
at org.testng.internal.invokers.TestInvoker$MethodInvocationAgent.invoke(TestInvoker.java:957)
at org.testng.internal.invokers.TestInvoker.invokeTestMethods(TestInvoker.java:200)
at org.testng.internal.invokers.TestMethodWorker.invokeTestMethods(TestMethodWorker.java:148)
at org.testng.internal.invokers.TestMethodWorker.run(TestMethodWorker.java:128)
at java.base/java.util.ArrayList.forEach(ArrayList.java:1511)
at org.testng.TestRunner.privateRun(TestRunner.java:848)
at org.testng.TestRunner.run(TestRunner.java:621)
at org.testng.SuiteRunner.runTest(SuiteRunner.java:443)
at org.testng.SuiteRunner.runSequentially(SuiteRunner.java:437)
at org.testng.SuiteRunner.privateRun(SuiteRunner.java:397)
at org.testng.SuiteRunner.run(SuiteRunner.java:336)
at org.testng.SuiteRunnerWorker.runSuite(SuiteRunnerWorker.java:52)
at org.testng.SuiteRunnerWorker.run(SuiteRunnerWorker.java:95)
at org.testng.TestNG.runSuitesSequentially(TestNG.java:1280)
at org.testng.TestNG.runSuitesLocally(TestNG.java:1200)
at org.testng.TestNG.runSuites(TestNG.java:1114)
at org.testng.TestNG.run(TestNG.java:1082)
at org.testng.remote.AbstractRemoteTestNG.run(AbstractRemoteTestNG.java:115)
at org.testng.remote.RemoteTestNG.initAndRun(RemoteTestNG.java:251)
at org.testng.remote.RemoteTestNG.main(RemoteTestNG.java:77)
]]>
    </error>
    <system-out>
      <![CDATA[Fetching no. of result from text]]>
    </system-out>
  </testcase> <!-- validateTestPlansFromTextandBanner -->
  <system-out>
    <![CDATA[Opening browser
clicking on Female Button
clicking on Next Button
Handeling Age Drop down
clicking on Next Button after age
entering Pincode
entering Mobile No.
clicking on Continue Button
Fetching no. of result from text
Closing Browser]]>
  </system-out>
</testsuite> <!-- CoverFox_Demo_UsingTestng.CF_TC03_validateSearchResultForHealthCarePolicies -->
